t=2017-06-13T10:32:42-0600 lvl=info msg="Shutdown started" logger=server code=0 reason="system signal: interrupt"
t=2017-06-13T10:32:42-0600 lvl=info msg="stopped http server" logger=http.server
t=2017-06-13T10:32:42-0600 lvl=info msg="Stopped Stream Manager"
t=2017-06-13T10:32:42-0600 lvl=info msg="Stopped CleanUpService" logger=cleanup reason="context canceled"
t=2017-06-13T10:32:42-0600 lvl=info msg="Stopped Alerting" logger=alerting.engine reason="context canceled"
t=2017-06-13T13:43:59-0600 lvl=info msg="Starting Grafana" logger=main version=4.4.0-pre1 commit=01ff3bb compiled=2017-06-07T14:03:10-0600
t=2017-06-13T13:43:59-0600 lvl=info msg="Config loaded from" logger=settings file=/home/habeeb/go/src/github.com/grafana/grafana/conf/defaults.ini
t=2017-06-13T13:43:59-0600 lvl=info msg="Path Home" logger=settings path=/home/habeeb/go/src/github.com/grafana/grafana
t=2017-06-13T13:43:59-0600 lvl=info msg="Path Data" logger=settings path=/home/habeeb/go/src/github.com/grafana/grafana/data
t=2017-06-13T13:43:59-0600 lvl=info msg="Path Logs" logger=settings path=/home/habeeb/go/src/github.com/grafana/grafana/data/log
t=2017-06-13T13:43:59-0600 lvl=info msg="Path Plugins" logger=settings path=/home/habeeb/go/src/github.com/grafana/grafana/data/plugins
t=2017-06-13T13:43:59-0600 lvl=info msg="Initializing DB" logger=sqlstore dbtype=sqlite3
t=2017-06-13T13:43:59-0600 lvl=info msg="Starting DB migration" logger=migrator
t=2017-06-13T13:43:59-0600 lvl=info msg="Executing migration" logger=migrator id="copy data account to org"
t=2017-06-13T13:43:59-0600 lvl=info msg="Skipping migration condition not fulfilled" logger=migrator id="copy data account to org"
t=2017-06-13T13:43:59-0600 lvl=info msg="Executing migration" logger=migrator id="copy data account_user to org_user"
t=2017-06-13T13:43:59-0600 lvl=info msg="Skipping migration condition not fulfilled" logger=migrator id="copy data account_user to org_user"
t=2017-06-13T13:43:59-0600 lvl=info msg="Starting plugin search" logger=plugins
t=2017-06-13T13:43:59-0600 lvl=info msg="Registering plugin" logger=plugins name=Monasca
t=2017-06-13T13:43:59-0600 lvl=info msg="Registering plugin" logger=plugins name=Monasca
t=2017-06-13T13:43:59-0600 lvl=info msg="Initializing Alerting" logger=alerting.engine
t=2017-06-13T13:43:59-0600 lvl=info msg="Initializing CleanUpService" logger=cleanup
t=2017-06-13T13:43:59-0600 lvl=info msg="Initializing Stream Manager"
t=2017-06-13T13:43:59-0600 lvl=info msg="Initializing HTTP Server" logger=http.server address=0.0.0.0:3001 protocol=http subUrl= socket=
t=2017-06-13T13:44:05-0600 lvl=info msg="Request Completed" logger=context userId=0 orgId=0 uname= method=GET path=/ status=302 remote_addr=127.0.0.1 time_ms=0 size=29 referer=
t=2017-06-13T13:44:05-0600 lvl=info msg="Request Completed" logger=context userId=0 orgId=0 uname= method=GET path=/login status=302 remote_addr=127.0.0.1 time_ms=22 size=24 referer=
t=2017-06-13T13:44:09-0600 lvl=info msg="Request Completed" logger=context userId=1 orgId=1 uname=admin method=GET path=/v2.0/alarms/count status=502 remote_addr=127.0.0.1 time_ms=2 size=0 referer=http://localhost:3001/plugins/monasca-app/page/overview
t=2017-06-13T13:44:09-0600 lvl=info msg="Request Completed" logger=context userId=1 orgId=1 uname=admin method=GET path=/v2.0/alarms/count status=502 remote_addr=127.0.0.1 time_ms=2 size=0 referer=http://localhost:3001/plugins/monasca-app/page/overview
t=2017-06-13T13:58:01-0600 lvl=info msg="Shutdown started" logger=server code=0 reason="system signal: interrupt"
t=2017-06-13T13:58:01-0600 lvl=info msg="stopped http server" logger=http.server
t=2017-06-13T13:59:14-0600 lvl=info msg="Starting Grafana" logger=main version=4.4.0-pre1 commit=01ff3bb compiled=2017-06-07T14:03:10-0600
t=2017-06-13T13:59:14-0600 lvl=info msg="Config loaded from" logger=settings file=/home/habeeb/go/src/github.com/grafana/grafana/conf/defaults.ini
t=2017-06-13T13:59:14-0600 lvl=info msg="Path Home" logger=settings path=/home/habeeb/go/src/github.com/grafana/grafana
t=2017-06-13T13:59:14-0600 lvl=info msg="Path Data" logger=settings path=/home/habeeb/go/src/github.com/grafana/grafana/data
t=2017-06-13T13:59:14-0600 lvl=info msg="Path Logs" logger=settings path=/home/habeeb/go/src/github.com/grafana/grafana/data/log
t=2017-06-13T13:59:14-0600 lvl=info msg="Path Plugins" logger=settings path=/home/habeeb/go/src/github.com/grafana/grafana/data/plugins
t=2017-06-13T13:59:14-0600 lvl=info msg="Initializing DB" logger=sqlstore dbtype=sqlite3
t=2017-06-13T13:59:14-0600 lvl=info msg="Starting DB migration" logger=migrator
t=2017-06-13T13:59:14-0600 lvl=info msg="Executing migration" logger=migrator id="copy data account to org"
t=2017-06-13T13:59:14-0600 lvl=info msg="Skipping migration condition not fulfilled" logger=migrator id="copy data account to org"
t=2017-06-13T13:59:14-0600 lvl=info msg="Executing migration" logger=migrator id="copy data account_user to org_user"
t=2017-06-13T13:59:14-0600 lvl=info msg="Skipping migration condition not fulfilled" logger=migrator id="copy data account_user to org_user"
t=2017-06-13T13:59:14-0600 lvl=info msg="Starting plugin search" logger=plugins
t=2017-06-13T13:59:14-0600 lvl=info msg="Registering plugin" logger=plugins name=Monasca
t=2017-06-13T13:59:14-0600 lvl=info msg="Registering plugin" logger=plugins name=Monasca
t=2017-06-13T13:59:14-0600 lvl=info msg="Initializing CleanUpService" logger=cleanup
t=2017-06-13T13:59:14-0600 lvl=info msg="Initializing Alerting" logger=alerting.engine
t=2017-06-13T13:59:14-0600 lvl=info msg="Initializing Stream Manager"
t=2017-06-13T13:59:14-0600 lvl=info msg="Initializing HTTP Server" logger=http.server address=0.0.0.0:3001 protocol=http subUrl= socket=
t=2017-06-13T14:11:00-0600 lvl=info msg="Shutdown started" logger=server code=0 reason="system signal: interrupt"
t=2017-06-13T14:11:00-0600 lvl=info msg="stopped http server" logger=http.server
t=2017-06-13T14:11:00-0600 lvl=info msg="Stopped Stream Manager"
t=2017-06-13T16:07:38-0600 lvl=info msg="Starting Grafana" logger=main version=4.4.0-pre1 commit=01ff3bb compiled=2017-06-07T14:03:10-0600
t=2017-06-13T16:07:38-0600 lvl=info msg="Config loaded from" logger=settings file=/home/habeeb/go/src/github.com/grafana/grafana/conf/defaults.ini
t=2017-06-13T16:07:38-0600 lvl=info msg="Path Home" logger=settings path=/home/habeeb/go/src/github.com/grafana/grafana
t=2017-06-13T16:07:38-0600 lvl=info msg="Path Data" logger=settings path=/home/habeeb/go/src/github.com/grafana/grafana/data
t=2017-06-13T16:07:38-0600 lvl=info msg="Path Logs" logger=settings path=/home/habeeb/go/src/github.com/grafana/grafana/data/log
t=2017-06-13T16:07:38-0600 lvl=info msg="Path Plugins" logger=settings path=/home/habeeb/go/src/github.com/grafana/grafana/data/plugins
t=2017-06-13T16:07:38-0600 lvl=info msg="Initializing DB" logger=sqlstore dbtype=sqlite3
t=2017-06-13T16:07:38-0600 lvl=info msg="Starting DB migration" logger=migrator
t=2017-06-13T16:07:38-0600 lvl=info msg="Executing migration" logger=migrator id="copy data account to org"
t=2017-06-13T16:07:38-0600 lvl=info msg="Skipping migration condition not fulfilled" logger=migrator id="copy data account to org"
t=2017-06-13T16:07:38-0600 lvl=info msg="Executing migration" logger=migrator id="copy data account_user to org_user"
t=2017-06-13T16:07:38-0600 lvl=info msg="Skipping migration condition not fulfilled" logger=migrator id="copy data account_user to org_user"
t=2017-06-13T16:07:38-0600 lvl=info msg="Starting plugin search" logger=plugins
t=2017-06-13T16:07:38-0600 lvl=info msg="Registering plugin" logger=plugins name=Monasca
t=2017-06-13T16:07:38-0600 lvl=info msg="Registering plugin" logger=plugins name=Monasca
t=2017-06-13T16:07:38-0600 lvl=info msg="Initializing CleanUpService" logger=cleanup
t=2017-06-13T16:07:38-0600 lvl=info msg="Initializing Alerting" logger=alerting.engine
t=2017-06-13T16:07:38-0600 lvl=info msg="Initializing Stream Manager"
t=2017-06-13T16:07:38-0600 lvl=info msg="Initializing HTTP Server" logger=http.server address=0.0.0.0:3001 protocol=http subUrl= socket=
t=2017-06-13T16:07:45-0600 lvl=info msg="Request Completed" logger=context userId=0 orgId=0 uname= method=GET path=/plugins/monasca-app/page/overview status=302 remote_addr=127.0.0.1 time_ms=0 size=29 referer=http://localhost:3001/login
t=2017-06-13T16:07:50-0600 lvl=info msg="Request Completed" logger=context userId=1 orgId=1 uname=admin method=GET path=/v2.0/alarms/count status=401 remote_addr=127.0.0.1 time_ms=166 size=114 referer=http://localhost:3001/plugins/monasca-app/page/overview
t=2017-06-13T16:07:50-0600 lvl=info msg="Request Completed" logger=context userId=1 orgId=1 uname=admin method=GET path=/v2.0/alarms/count status=401 remote_addr=127.0.0.1 time_ms=174 size=114 referer=http://localhost:3001/plugins/monasca-app/page/overview
t=2017-06-13T16:07:50-0600 lvl=info msg="Request Completed" logger=context userId=1 orgId=1 uname=admin method=GET path=/v2.0/alarms/count status=401 remote_addr=127.0.0.1 time_ms=5 size=114 referer=http://localhost:3001/plugins/monasca-app/page/overview
t=2017-06-13T16:07:50-0600 lvl=info msg="Request Completed" logger=context userId=1 orgId=1 uname=admin method=GET path=/v2.0/alarms/count status=401 remote_addr=127.0.0.1 time_ms=7 size=114 referer=http://localhost:3001/plugins/monasca-app/page/overview
t=2017-06-13T16:17:08-0600 lvl=info msg="Shutdown started" logger=server code=0 reason="system signal: interrupt"
t=2017-06-13T16:17:08-0600 lvl=info msg="stopped http server" logger=http.server
t=2017-06-13T16:38:36-0600 lvl=info msg="Starting Grafana" logger=main version=4.4.0-pre1 commit=01ff3bb compiled=2017-06-07T14:03:10-0600
t=2017-06-13T16:38:36-0600 lvl=info msg="Config loaded from" logger=settings file=/home/habeeb/monasca-grafana/conf/defaults.ini
t=2017-06-13T16:38:36-0600 lvl=info msg="Path Home" logger=settings path=/home/habeeb/monasca-grafana
t=2017-06-13T16:38:36-0600 lvl=info msg="Path Data" logger=settings path=/home/habeeb/monasca-grafana/data
t=2017-06-13T16:38:36-0600 lvl=info msg="Path Logs" logger=settings path=/home/habeeb/monasca-grafana/data/log
t=2017-06-13T16:38:36-0600 lvl=info msg="Path Plugins" logger=settings path=/home/habeeb/monasca-grafana/data/plugins
t=2017-06-13T16:38:36-0600 lvl=info msg="Initializing DB" logger=sqlstore dbtype=sqlite3
t=2017-06-13T16:38:36-0600 lvl=info msg="Starting DB migration" logger=migrator
t=2017-06-13T16:38:36-0600 lvl=info msg="Executing migration" logger=migrator id="copy data account to org"
t=2017-06-13T16:38:36-0600 lvl=info msg="Skipping migration condition not fulfilled" logger=migrator id="copy data account to org"
t=2017-06-13T16:38:36-0600 lvl=info msg="Executing migration" logger=migrator id="copy data account_user to org_user"
t=2017-06-13T16:38:36-0600 lvl=info msg="Skipping migration condition not fulfilled" logger=migrator id="copy data account_user to org_user"
t=2017-06-13T16:38:36-0600 lvl=info msg="Starting plugin search" logger=plugins
t=2017-06-13T16:38:36-0600 lvl=info msg="Registering plugin" logger=plugins name=Monasca
t=2017-06-13T16:38:36-0600 lvl=info msg="Registering plugin" logger=plugins name=Monasca
t=2017-06-13T16:38:36-0600 lvl=info msg="Initializing Alerting" logger=alerting.engine
t=2017-06-13T16:38:36-0600 lvl=info msg="Initializing CleanUpService" logger=cleanup
t=2017-06-13T16:38:36-0600 lvl=info msg="Initializing Stream Manager"
t=2017-06-13T16:38:36-0600 lvl=info msg="Initializing HTTP Server" logger=http.server address=0.0.0.0:3001 protocol=http subUrl= socket=
t=2017-06-13T16:38:46-0600 lvl=info msg="Request Completed" logger=context userId=0 orgId=0 uname= method=GET path=/plugins/monasca-app/page/overview status=302 remote_addr=127.0.0.1 time_ms=0 size=29 referer=http://localhost:3001/login
t=2017-06-13T16:39:01-0600 lvl=info msg="Shutdown started" logger=server code=0 reason="system signal: interrupt"
t=2017-06-13T16:39:01-0600 lvl=info msg="stopped http server" logger=http.server
t=2017-06-13T16:39:01-0600 lvl=info msg="Stopped CleanUpService" logger=cleanup reason="context canceled"
t=2017-06-13T16:39:01-0600 lvl=info msg="Stopped Stream Manager"
t=2017-06-13T16:39:01-0600 lvl=info msg="Stopped Alerting" logger=alerting.engine reason="context canceled"
t=2017-06-13T16:44:54-0600 lvl=info msg="Starting Grafana" logger=main version=4.4.0-pre1 commit=01ff3bb compiled=2017-06-07T14:03:10-0600
t=2017-06-13T16:44:54-0600 lvl=info msg="Config loaded from" logger=settings file=/home/habeeb/monasca-grafana/conf/defaults.ini
t=2017-06-13T16:44:54-0600 lvl=info msg="Path Home" logger=settings path=/home/habeeb/monasca-grafana
t=2017-06-13T16:44:54-0600 lvl=info msg="Path Data" logger=settings path=/home/habeeb/monasca-grafana/data
t=2017-06-13T16:44:54-0600 lvl=info msg="Path Logs" logger=settings path=/home/habeeb/monasca-grafana/data/log
t=2017-06-13T16:44:54-0600 lvl=info msg="Path Plugins" logger=settings path=/home/habeeb/monasca-grafana/data/plugins
t=2017-06-13T16:44:54-0600 lvl=info msg="Initializing DB" logger=sqlstore dbtype=sqlite3
t=2017-06-13T16:44:54-0600 lvl=info msg="Starting DB migration" logger=migrator
t=2017-06-13T16:44:54-0600 lvl=info msg="Executing migration" logger=migrator id="copy data account to org"
t=2017-06-13T16:44:54-0600 lvl=info msg="Skipping migration condition not fulfilled" logger=migrator id="copy data account to org"
t=2017-06-13T16:44:54-0600 lvl=info msg="Executing migration" logger=migrator id="copy data account_user to org_user"
t=2017-06-13T16:44:54-0600 lvl=info msg="Skipping migration condition not fulfilled" logger=migrator id="copy data account_user to org_user"
t=2017-06-13T16:44:54-0600 lvl=info msg="Starting plugin search" logger=plugins
t=2017-06-13T16:44:54-0600 lvl=info msg="Registering plugin" logger=plugins name=Monasca
t=2017-06-13T16:44:54-0600 lvl=info msg="Registering plugin" logger=plugins name=Monasca
t=2017-06-13T16:44:54-0600 lvl=info msg="Initializing CleanUpService" logger=cleanup
t=2017-06-13T16:44:54-0600 lvl=info msg="Initializing Alerting" logger=alerting.engine
t=2017-06-13T16:44:54-0600 lvl=info msg="Initializing Stream Manager"
t=2017-06-13T16:44:54-0600 lvl=info msg="Initializing HTTP Server" logger=http.server address=0.0.0.0:3001 protocol=http subUrl= socket=
t=2017-06-13T16:45:01-0600 lvl=info msg="Request Completed" logger=context userId=0 orgId=0 uname= method=GET path=/ status=302 remote_addr=127.0.0.1 time_ms=0 size=29 referer=
t=2017-06-13T16:45:37-0600 lvl=info msg="Shutdown started" logger=server code=0 reason="system signal: interrupt"
t=2017-06-13T16:45:37-0600 lvl=info msg="stopped http server" logger=http.server
t=2017-06-14T09:26:32-0600 lvl=info msg="Starting Grafana" logger=main version=4.4.0-pre1 commit=01ff3bb compiled=2017-06-07T14:03:10-0600
t=2017-06-14T09:26:32-0600 lvl=info msg="Config loaded from" logger=settings file=/home/habeeb/monasca-grafana/conf/defaults.ini
t=2017-06-14T09:26:32-0600 lvl=info msg="Path Home" logger=settings path=/home/habeeb/monasca-grafana
t=2017-06-14T09:26:32-0600 lvl=info msg="Path Data" logger=settings path=/home/habeeb/monasca-grafana/data
t=2017-06-14T09:26:32-0600 lvl=info msg="Path Logs" logger=settings path=/home/habeeb/monasca-grafana/data/log
t=2017-06-14T09:26:32-0600 lvl=info msg="Path Plugins" logger=settings path=/home/habeeb/monasca-grafana/data/plugins
t=2017-06-14T09:26:32-0600 lvl=info msg="Initializing DB" logger=sqlstore dbtype=sqlite3
t=2017-06-14T09:26:32-0600 lvl=info msg="Starting DB migration" logger=migrator
t=2017-06-14T09:26:32-0600 lvl=info msg="Executing migration" logger=migrator id="copy data account to org"
t=2017-06-14T09:26:32-0600 lvl=info msg="Skipping migration condition not fulfilled" logger=migrator id="copy data account to org"
t=2017-06-14T09:26:32-0600 lvl=info msg="Executing migration" logger=migrator id="copy data account_user to org_user"
t=2017-06-14T09:26:32-0600 lvl=info msg="Skipping migration condition not fulfilled" logger=migrator id="copy data account_user to org_user"
t=2017-06-14T09:26:32-0600 lvl=info msg="Starting plugin search" logger=plugins
t=2017-06-14T09:26:32-0600 lvl=info msg="Registering plugin" logger=plugins name=Monasca
t=2017-06-14T09:26:32-0600 lvl=info msg="Registering plugin" logger=plugins name=Monasca
t=2017-06-14T09:26:32-0600 lvl=info msg="Initializing CleanUpService" logger=cleanup
t=2017-06-14T09:26:32-0600 lvl=info msg="Initializing Alerting" logger=alerting.engine
t=2017-06-14T09:26:32-0600 lvl=info msg="Initializing Stream Manager"
t=2017-06-14T09:26:32-0600 lvl=info msg="Initializing HTTP Server" logger=http.server address=0.0.0.0:3001 protocol=http subUrl= socket=
t=2017-06-14T09:26:50-0600 lvl=info msg="Request Completed" logger=context userId=0 orgId=0 uname= method=GET path=/ status=302 remote_addr=127.0.0.1 time_ms=0 size=29 referer=
t=2017-06-14T09:26:50-0600 lvl=info msg="Request Completed" logger=context userId=0 orgId=0 uname= method=GET path=/login status=302 remote_addr=127.0.0.1 time_ms=7 size=24 referer=
t=2017-06-14T09:27:01-0600 lvl=info msg="Shutdown started" logger=server code=0 reason="system signal: interrupt"
t=2017-06-14T09:27:01-0600 lvl=info msg="stopped http server" logger=http.server
t=2017-06-14T09:27:01-0600 lvl=info msg="Stopped CleanUpService" logger=cleanup reason="context canceled"
t=2017-06-14T09:30:32-0600 lvl=info msg="Starting Grafana" logger=main version=4.4.0-pre1 commit=01ff3bb compiled=2017-06-07T14:03:10-0600
t=2017-06-14T09:30:32-0600 lvl=info msg="Config loaded from" logger=settings file=/home/habeeb/monasca-grafana/conf/defaults.ini
t=2017-06-14T09:30:32-0600 lvl=info msg="Path Home" logger=settings path=/home/habeeb/monasca-grafana
t=2017-06-14T09:30:32-0600 lvl=info msg="Path Data" logger=settings path=/home/habeeb/monasca-grafana/data
t=2017-06-14T09:30:32-0600 lvl=info msg="Path Logs" logger=settings path=/home/habeeb/monasca-grafana/data/log
t=2017-06-14T09:30:32-0600 lvl=info msg="Path Plugins" logger=settings path=/home/habeeb/monasca-grafana/data/plugins
t=2017-06-14T09:30:32-0600 lvl=info msg="Initializing DB" logger=sqlstore dbtype=sqlite3
t=2017-06-14T09:30:32-0600 lvl=info msg="Starting DB migration" logger=migrator
t=2017-06-14T09:30:32-0600 lvl=info msg="Executing migration" logger=migrator id="copy data account to org"
t=2017-06-14T09:30:32-0600 lvl=info msg="Skipping migration condition not fulfilled" logger=migrator id="copy data account to org"
t=2017-06-14T09:30:32-0600 lvl=info msg="Executing migration" logger=migrator id="copy data account_user to org_user"
t=2017-06-14T09:30:32-0600 lvl=info msg="Skipping migration condition not fulfilled" logger=migrator id="copy data account_user to org_user"
t=2017-06-14T09:30:32-0600 lvl=info msg="Starting plugin search" logger=plugins
t=2017-06-14T09:30:32-0600 lvl=info msg="Registering plugin" logger=plugins name=Monasca
t=2017-06-14T09:30:32-0600 lvl=info msg="Registering plugin" logger=plugins name=Monasca
t=2017-06-14T09:30:32-0600 lvl=info msg="Initializing CleanUpService" logger=cleanup
t=2017-06-14T09:30:32-0600 lvl=info msg="Initializing Alerting" logger=alerting.engine
t=2017-06-14T09:30:32-0600 lvl=info msg="Initializing Stream Manager"
t=2017-06-14T09:30:32-0600 lvl=info msg="Initializing HTTP Server" logger=http.server address=0.0.0.0:3001 protocol=http subUrl= socket=
t=2017-06-14T09:30:37-0600 lvl=info msg="Request Completed" logger=context userId=1 orgId=1 uname=admin method=GET path=/v2.0/metrics/statistics status=502 remote_addr=127.0.0.1 time_ms=2 size=0 referer="http://localhost:3001/dashboard/db/pods?orgId=1"
t=2017-06-14T09:32:02-0600 lvl=info msg="Request Completed" logger=context userId=1 orgId=1 uname=admin method=GET path=/v2.0/alarms/count status=502 remote_addr=127.0.0.1 time_ms=1 size=0 referer=http://localhost:3001/plugins/monasca-app/page/overview
t=2017-06-14T09:32:02-0600 lvl=info msg="Request Completed" logger=context userId=1 orgId=1 uname=admin method=GET path=/v2.0/alarms/count status=502 remote_addr=127.0.0.1 time_ms=2 size=0 referer=http://localhost:3001/plugins/monasca-app/page/overview
t=2017-06-14T09:32:10-0600 lvl=info msg="Shutdown started" logger=server code=0 reason="system signal: interrupt"
t=2017-06-14T09:32:10-0600 lvl=info msg="stopped http server" logger=http.server
